2021-08-23 11:34:30,991 INFO o.s.b.StartupInfoLogger [main] Starting ETutorGradingApplicationTests using Java 16.0.1 on DESKTOP-B6GP71V with PID 16312 (started by Kevin in C:\Users\Kevin\Documents\GitHub\eTutor-Grading)
2021-08-23 11:34:31,004 DEBUG o.s.b.StartupInfoLogger [main] Running with Spring Boot v2.4.4, Spring v5.3.5
2021-08-23 11:34:31,009 INFO o.s.b.SpringApplication [main] No active profile set, falling back to default profiles: default
2021-08-23 11:34:32,418 INFO o.s.d.r.c.RepositoryConfigurationDelegate [main] Bootstrapping Spring Data JPA repositories in DEFAULT mode.
2021-08-23 11:34:32,530 INFO o.s.d.r.c.RepositoryConfigurationDelegate [main] Finished Spring Data repository scanning in 97 ms. Found 3 JPA repository interfaces.
2021-08-23 11:34:33,429 INFO o.h.j.i.u.LogHelper [main] HHH000204: Processing PersistenceUnitInfo [name: default]
2021-08-23 11:34:33,539 INFO o.h.Version [main] HHH000412: Hibernate ORM core version 5.4.29.Final
2021-08-23 11:34:33,749 INFO o.h.a.c.r.j.JavaReflectionManager [main] HCANN000001: Hibernate Commons Annotations {5.1.2.Final}
2021-08-23 11:34:34,079 INFO c.z.h.HikariDataSource [main] HikariPool-1 - Starting...
2021-08-23 11:34:34,409 INFO c.z.h.HikariDataSource [main] HikariPool-1 - Start completed.
2021-08-23 11:34:34,466 INFO o.h.d.Dialect [main] HHH000400: Using dialect: org.hibernate.dialect.PostgreSQL10Dialect
2021-08-23 11:34:35,515 DEBUG o.h.e.j.s.SqlStatementLogger [main] alter table if exists grading drop constraint if exists FKhguc7veqa3iewl4c4f9mykn10
2021-08-23 11:34:35,527 DEBUG o.h.e.j.s.SqlStatementLogger [main] alter table if exists submission_attribute_mapping drop constraint if exists FK385ourb3fpmjx7t1ap7o34tgy
2021-08-23 11:34:35,532 DEBUG o.h.e.j.s.SqlStatementLogger [main] alter table if exists submission_parameter_mapping drop constraint if exists FK2xtdfrgauc4p2wy8kp068ur42
2021-08-23 11:34:35,537 DEBUG o.h.e.j.s.SqlStatementLogger [main] drop table if exists grading cascade
2021-08-23 11:34:35,543 DEBUG o.h.e.j.s.SqlStatementLogger [main] drop table if exists report cascade
2021-08-23 11:34:35,548 DEBUG o.h.e.j.s.SqlStatementLogger [main] drop table if exists submission cascade
2021-08-23 11:34:35,553 DEBUG o.h.e.j.s.SqlStatementLogger [main] drop table if exists submission_attribute_mapping cascade
2021-08-23 11:34:35,558 DEBUG o.h.e.j.s.SqlStatementLogger [main] drop table if exists submission_parameter_mapping cascade
2021-08-23 11:34:35,567 DEBUG o.h.e.j.s.SqlStatementLogger [main] create table grading (submission_id varchar(255) not null, max_points float8 not null, points float8 not null, result varchar(4192), report_submission_id varchar(255), primary key (submission_id))
2021-08-23 11:34:35,585 DEBUG o.h.e.j.s.SqlStatementLogger [main] create table report (submission_id varchar(255) not null, description varchar(4192), error varchar(255), hint varchar(255), primary key (submission_id))
2021-08-23 11:34:35,601 DEBUG o.h.e.j.s.SqlStatementLogger [main] create table submission (submission_id varchar(255) not null, exercise_id int4 not null, max_points int4 not null, task_type varchar(255), primary key (submission_id))
2021-08-23 11:34:35,615 DEBUG o.h.e.j.s.SqlStatementLogger [main] create table submission_attribute_mapping (submission varchar(255) not null, attribute_value varchar(2048), attribute_key varchar(255) not null, primary key (submission, attribute_key))
2021-08-23 11:34:35,630 DEBUG o.h.e.j.s.SqlStatementLogger [main] create table submission_parameter_mapping (submission varchar(255) not null, parameter_value varchar(255), parameter_key varchar(255) not null, primary key (submission, parameter_key))
2021-08-23 11:34:35,643 DEBUG o.h.e.j.s.SqlStatementLogger [main] alter table if exists grading add constraint FKhguc7veqa3iewl4c4f9mykn10 foreign key (report_submission_id) references report
2021-08-23 11:34:35,649 DEBUG o.h.e.j.s.SqlStatementLogger [main] alter table if exists submission_attribute_mapping add constraint FK385ourb3fpmjx7t1ap7o34tgy foreign key (submission) references submission
2021-08-23 11:34:35,656 DEBUG o.h.e.j.s.SqlStatementLogger [main] alter table if exists submission_parameter_mapping add constraint FK2xtdfrgauc4p2wy8kp068ur42 foreign key (submission) references submission
2021-08-23 11:34:35,664 INFO o.h.e.t.j.p.i.JtaPlatformInitiator [main] HHH000490: Using JtaPlatform implementation: [org.hibernate.engine.transaction.jta.platform.internal.NoJtaPlatform]
2021-08-23 11:34:35,677 INFO o.s.o.j.AbstractEntityManagerFactoryBean [main] Initialized JPA EntityManagerFactory for persistence unit 'default'
2021-08-23 11:34:36,672 WARN o.s.b.a.o.j.JpaBaseConfiguration$JpaWebConfiguration [main] spring.jpa.open-in-view is enabled by default. Therefore, database queries may be performed during view rendering. Explicitly configure spring.jpa.open-in-view to disable this warning
2021-08-23 11:34:37,044 INFO o.s.s.c.ExecutorConfigurationSupport [main] Initializing ExecutorService
2021-08-23 11:34:37,053 INFO o.s.s.c.ExecutorConfigurationSupport [main] Initializing ExecutorService 'asyncExecutor'
2021-08-23 11:34:37,939 INFO s.d.s.w.p.DocumentationPluginsBootstrapper [main] Context refreshed
2021-08-23 11:34:37,984 INFO s.d.s.w.p.DocumentationPluginsBootstrapper [main] Found 1 custom documentation plugin(s)
2021-08-23 11:34:38,010 INFO s.d.s.w.s.ApiListingReferenceScanner [main] Scanning for api listing references
2021-08-23 11:34:38,441 INFO o.s.b.StartupInfoLogger [main] Started ETutorGradingApplicationTests in 7.964 seconds (JVM running for 9.659)
2021-08-23 11:34:39,184 INFO o.s.t.c.s.AbstractTestContextBootstrapper [main] Loaded default TestExecutionListener class names from location [META-INF/spring.factories]: [org.springframework.boot.test.mock.mockito.MockitoTestExecutionListener, org.springframework.boot.test.mock.mockito.ResetMocksTestExecutionListener, org.springframework.boot.test.autoconfigure.restdocs.RestDocsTestExecutionListener, org.springframework.boot.test.autoconfigure.web.client.MockRestServiceServerResetTestExecutionListener, org.springframework.boot.test.autoconfigure.web.servlet.MockMvcPrintOnlyOnFailureTestExecutionListener, org.springframework.boot.test.autoconfigure.web.servlet.WebDriverTestExecutionListener, org.springframework.boot.test.autoconfigure.webservices.client.MockWebServiceServerTestExecutionListener, org.springframework.test.context.web.ServletTestExecutionListener, org.springframework.test.context.support.DirtiesContextBeforeModesTestExecutionListener, org.springframework.test.context.event.ApplicationEventsTestExecutionListener, org.springframework.test.context.support.DependencyInjectionTestExecutionListener, org.springframework.test.context.support.DirtiesContextTestExecutionListener, org.springframework.test.context.transaction.TransactionalTestExecutionListener, org.springframework.test.context.jdbc.SqlScriptsTestExecutionListener, org.springframework.test.context.event.EventPublishingTestExecutionListener]
2021-08-23 11:34:39,185 INFO o.s.t.c.s.AbstractTestContextBootstrapper [main] Using TestExecutionListeners: [org.springframework.test.context.web.ServletTestExecutionListener@14997cb9, org.springframework.test.context.support.DirtiesContextBeforeModesTestExecutionListener@701153c1, org.springframework.test.context.event.ApplicationEventsTestExecutionListener@301434fb, org.springframework.boot.test.mock.mockito.MockitoTestExecutionListener@1641dfb3, org.springframework.boot.test.autoconfigure.SpringBootDependencyInjectionTestExecutionListener@49620576, org.springframework.test.context.support.DirtiesContextTestExecutionListener@3397c8c0, org.springframework.test.context.transaction.TransactionalTestExecutionListener@22b581a5, org.springframework.test.context.jdbc.SqlScriptsTestExecutionListener@3a917e07, org.springframework.test.context.event.EventPublishingTestExecutionListener@63019596, org.springframework.boot.test.mock.mockito.ResetMocksTestExecutionListener@6edd80fe, org.springframework.boot.test.autoconfigure.restdocs.RestDocsTestExecutionListener@60eb9c29, org.springframework.boot.test.autoconfigure.web.client.MockRestServiceServerResetTestExecutionListener@51bba775, org.springframework.boot.test.autoconfigure.web.servlet.MockMvcPrintOnlyOnFailureTestExecutionListener@3e7935f1, org.springframework.boot.test.autoconfigure.web.servlet.WebDriverTestExecutionListener@3c2188b0, org.springframework.boot.test.autoconfigure.webservices.client.MockWebServiceServerTestExecutionListener@9751c9]
2021-08-23 11:34:39,211 INFO o.s.s.c.ExecutorConfigurationSupport [SpringContextShutdownHook] Shutting down ExecutorService 'asyncExecutor'
2021-08-23 11:34:39,216 INFO o.s.o.j.AbstractEntityManagerFactoryBean [SpringContextShutdownHook] Closing JPA EntityManagerFactory for persistence unit 'default'
2021-08-23 11:34:39,220 INFO c.z.h.HikariDataSource [SpringContextShutdownHook] HikariPool-1 - Shutdown initiated...
2021-08-23 11:34:39,231 INFO c.z.h.HikariDataSource [SpringContextShutdownHook] HikariPool-1 - Shutdown completed.
